빌드 시작: 2020-09-11 오후 4:27:14
     1>2 노드의 "C:\Users\신수정\Desktop\2020-2학기\자료구조\자료구조_실습\LABHW2\HW2_1_1\HW2_1_1.vcxproj" 프로젝트(build 대상)입니다.
     1>InitializeBuildStatus:
         "AlwaysCreate"이(가) 지정되었기 때문에 "Debug\HW2_1_1.unsuccessfulbuild"을(를) 만들고 있습니다.
       ClCompile:
         c:\Program Files (x86)\Microsoft Visual Studio 10.0\VC\bin\CL.exe /c /ZI /nologo /W3 /WX- /Od /Oy- /D WIN32 /D _DEBUG /D _CONSOLE /D _UNICODE /D UNICODE /Gm /EHsc /RTC1 /MDd /GS /fp:precise /Zc:wchar_t /Zc:forScope /Fo"Debug\\" /Fd"Debug\vc100.pdb" /Gd /TC /analyze- /errorReport:prompt HW2_1_1.c
         HW2_1_1.c
       ManifestResourceCompile:
         모든 출력이 최신 상태입니다.
       Link:
         c:\Program Files (x86)\Microsoft Visual Studio 10.0\VC\bin\link.exe /ERRORREPORT:PROMPT /OUT:"C:\Users\신수정\Desktop\2020-2학기\자료구조\자료구조_실습\LABHW2\Debug\HW2_1_1.exe" /INCREMENTAL /NOLOGO kernel32.lib user32.lib gdi32.lib winspool.lib comdlg32.lib advapi32.lib shell32.lib ole32.lib oleaut32.lib uuid.lib odbc32.lib odbccp32.lib /MANIFEST /ManifestFile:"Debug\HW2_1_1.exe.intermediate.manifest" /MANIFESTUAC:"level='asInvoker' uiAccess='false'" /DEBUG /PDB:"C:\Users\신수정\Desktop\2020-2학기\자료구조\자료구조_실습\LABHW2\Debug\HW2_1_1.pdb" /SUBSYSTEM:CONSOLE /TLBID:1 /DYNAMICBASE /NXCOMPAT /IMPLIB:"C:\Users\신수정\Desktop\2020-2학기\자료구조\자료구조_실습\LABHW2\Debug\HW2_1_1.lib" /MACHINE:X86 Debug\HW2_1_1.exe.embed.manifest.res
         Debug\HW2_1_1.obj
       Manifest:
         C:\Program Files (x86)\Microsoft SDKs\Windows\v7.0A\bin\mt.exe /nologo /verbose /out:"Debug\HW2_1_1.exe.embed.manifest" /manifest Debug\HW2_1_1.exe.intermediate.manifest
         모든 출력이 최신 상태입니다.
       LinkEmbedManifest:
         모든 출력이 최신 상태입니다.
         HW2_1_1.vcxproj -> C:\Users\신수정\Desktop\2020-2학기\자료구조\자료구조_실습\LABHW2\Debug\HW2_1_1.exe
       FinalizeBuildStatus:
         "Debug\HW2_1_1.unsuccessfulbuild" 파일을 삭제하고 있습니다.
         "Debug\HW2_1_1.lastbuildstate"에 연결(touching)하고 있습니다.
     1>"C:\Users\신수정\Desktop\2020-2학기\자료구조\자료구조_실습\LABHW2\HW2_1_1\HW2_1_1.vcxproj" 프로젝트를 빌드했습니다(build 대상).

빌드했습니다.

경과 시간: 00:00:01.50
